
2024/03/12 (16:20:20) | ===> btop++ v.1.3.2
2024/03/12 (16:20:20) | ERROR: Couldn't determine terminal size of "STDOUT_FILENO"!
2024/03/12 (16:20:20) | ERROR: Couldn't determine terminal size of "/dev/tty"!

2024/04/18 (12:29:19) | ===> btop++ v.1.3.2
2024/04/18 (12:29:19) | WARNING: NVML: Failed to get maximum GPU power draw, defaulting to 225W: Not Supported

2024/04/18 (13:03:36) | ===> btop++ v.1.3.2
2024/04/18 (13:03:36) | WARNING: NVML: Failed to get maximum GPU power draw, defaulting to 225W: Not Supported

2024/04/23 (10:54:29) | ===> btop++ v.1.3.2
2024/04/23 (10:54:29) | WARNING: NVML: Failed to get maximum GPU power draw, defaulting to 225W: Not Supported

2024/05/06 (20:09:48) | ===> btop++ v.1.3.2
2024/05/06 (20:09:48) | WARNING: NVML: Failed to get maximum GPU power draw, defaulting to 225W: Not Supported

2024/06/01 (17:14:22) | ===> btop++ v.1.3.2
2024/06/01 (17:14:22) | WARNING: NVML: Failed to get maximum GPU power draw, defaulting to 225W: Not Supported

2024/06/01 (17:14:28) | ===> btop++ v.1.3.2
2024/06/01 (17:14:28) | WARNING: NVML: Failed to get maximum GPU power draw, defaulting to 225W: Not Supported

2024/06/07 (14:45:05) | ===> btop++ v.1.3.2
2024/06/07 (14:45:05) | WARNING: NVML: Failed to get maximum GPU power draw, defaulting to 225W: Not Supported

2024/06/07 (14:45:24) | ===> btop++ v.1.3.2
2024/06/07 (14:45:24) | WARNING: NVML: Failed to get maximum GPU power draw, defaulting to 225W: Not Supported

2024/06/14 (13:49:50) | ===> btop++ v.1.3.2
2024/06/14 (13:49:50) | WARNING: NVML: Failed to get maximum GPU power draw, defaulting to 225W: Not Supported

2024/06/14 (13:55:03) | ===> btop++ v.1.3.2
2024/06/14 (13:55:03) | WARNING: NVML: Failed to get maximum GPU power draw, defaulting to 225W: Not Supported

2024/08/03 (17:55:06) | ===> btop++ v.1.3.2
2024/08/03 (17:55:06) | WARNING: NVML: Failed to get maximum GPU power draw, defaulting to 225W: Not Supported

2024/09/02 (13:28:24) | ===> btop++ v.1.3.2
2024/09/02 (13:28:24) | WARNING: NVML: Failed to get maximum GPU power draw, defaulting to 225W: Not Supported

2024/09/12 (11:22:19) | ===> btop++ v.1.3.2
2024/09/12 (11:22:19) | WARNING: NVML: Failed to get maximum GPU power draw, defaulting to 225W: Not Supported

2024/09/24 (19:53:40) | ===> btop++ v.1.4.0
2024/09/24 (19:53:40) | WARNING: NVML: Failed to get maximum GPU power draw, defaulting to 225W: Not Supported
2024/09/24 (19:53:40) | WARNING: Intel GPU: Failed to initialize PMU

2024/09/29 (10:33:49) | ===> btop++ v.1.4.0
2024/09/29 (10:33:49) | WARNING: NVML: Failed to get maximum GPU power draw, defaulting to 225W: Not Supported
2024/09/29 (10:33:49) | WARNING: Intel GPU: Failed to initialize PMU

2024/09/29 (21:18:19) | ===> btop++ v.1.4.0
2024/09/29 (21:18:19) | WARNING: NVML: Failed to get maximum GPU power draw, defaulting to 225W: Not Supported
2024/09/29 (21:18:19) | WARNING: Intel GPU: Failed to initialize PMU

2024/09/29 (21:18:55) | ===> btop++ v.1.4.0
2024/09/29 (21:18:55) | WARNING: NVML: Failed to get maximum GPU power draw, defaulting to 225W: Not Supported
2024/09/29 (21:18:55) | WARNING: Intel GPU: Failed to initialize PMU

2024/10/15 (10:43:15) | ===> btop++ v.1.4.0
2024/10/15 (10:43:15) | WARNING: NVML: Failed to get maximum GPU power draw, defaulting to 225W: Not Supported
2024/10/15 (10:43:15) | WARNING: Intel GPU: Failed to initialize PMU

2024/10/15 (11:24:50) | ===> btop++ v.1.4.0
2024/10/15 (11:24:50) | WARNING: NVML: Failed to get maximum GPU power draw, defaulting to 225W: Not Supported
2024/10/15 (11:24:50) | WARNING: Intel GPU: Failed to initialize PMU

2024/10/15 (14:41:09) | ===> btop++ v.1.4.0
2024/10/15 (14:41:09) | WARNING: NVML: Failed to get maximum GPU power draw, defaulting to 225W: Not Supported
2024/10/15 (14:41:09) | WARNING: Intel GPU: Failed to initialize PMU

2024/10/15 (15:08:39) | ===> btop++ v.1.4.0
2024/10/15 (15:08:39) | WARNING: NVML: Failed to get maximum GPU power draw, defaulting to 225W: Not Supported
2024/10/15 (15:08:39) | WARNING: Intel GPU: Failed to initialize PMU

2024/10/18 (14:55:24) | ===> btop++ v.1.4.0
2024/10/18 (14:55:24) | WARNING: NVML: Failed to get maximum GPU power draw, defaulting to 225W: Not Supported
2024/10/18 (14:55:24) | WARNING: Intel GPU: Failed to initialize PMU

2024/10/22 (10:53:48) | ===> btop++ v.1.4.0
2024/10/22 (10:53:48) | WARNING: NVML: Failed to get maximum GPU power draw, defaulting to 225W: Not Supported
2024/10/22 (10:53:48) | WARNING: Intel GPU: Failed to initialize PMU

2024/10/22 (15:42:28) | ===> btop++ v.1.4.0
2024/10/22 (15:42:28) | WARNING: NVML: Failed to get maximum GPU power draw, defaulting to 225W: Not Supported
2024/10/22 (15:42:28) | WARNING: Intel GPU: Failed to initialize PMU

2024/10/23 (09:55:10) | ===> btop++ v.1.4.0
2024/10/23 (09:55:10) | WARNING: NVML: Failed to get maximum GPU power draw, defaulting to 225W: Not Supported
2024/10/23 (09:55:10) | WARNING: Intel GPU: Failed to initialize PMU

2024/10/25 (10:40:10) | ===> btop++ v.1.4.0
2024/10/25 (10:40:10) | WARNING: NVML: Failed to get maximum GPU power draw, defaulting to 225W: Not Supported
2024/10/25 (10:40:10) | WARNING: Intel GPU: Failed to initialize PMU

2024/10/25 (10:43:00) | ===> btop++ v.1.4.0
2024/10/25 (10:43:00) | WARNING: NVML: Failed to get maximum GPU power draw, defaulting to 225W: Not Supported
2024/10/25 (10:43:00) | WARNING: Intel GPU: Failed to initialize PMU

2024/10/25 (23:57:35) | ===> btop++ v.1.4.0
2024/10/25 (23:57:35) | WARNING: NVML: Failed to get maximum GPU power draw, defaulting to 225W: Not Supported
2024/10/25 (23:57:35) | WARNING: Intel GPU: Failed to initialize PMU

2024/11/06 (22:42:51) | ===> btop++ v.1.4.0
2024/11/06 (22:42:51) | WARNING: NVML: Failed to get maximum GPU power draw, defaulting to 225W: Not Supported
2024/11/06 (22:42:51) | WARNING: Intel GPU: Failed to initialize PMU

2024/11/13 (09:19:24) | ===> btop++ v.1.4.0
2024/11/13 (09:19:24) | WARNING: NVML: Failed to get maximum GPU power draw, defaulting to 225W: Not Supported
2024/11/13 (09:19:24) | WARNING: Intel GPU: Failed to initialize PMU

2024/11/13 (10:48:41) | ===> btop++ v.1.4.0
2024/11/13 (10:48:41) | WARNING: NVML: Failed to get maximum GPU power draw, defaulting to 225W: Not Supported
2024/11/13 (10:48:41) | WARNING: Intel GPU: Failed to initialize PMU

2024/11/13 (11:02:44) | ===> btop++ v.1.4.0
2024/11/13 (11:02:44) | WARNING: NVML: Failed to get maximum GPU power draw, defaulting to 225W: Not Supported
2024/11/13 (11:02:44) | WARNING: Intel GPU: Failed to initialize PMU
